d:\git\teamnut\cotengine\build\intermediates\x64_debug\vc141.pdb
d:\git\teamnut\cotengine\build\intermediates\x64_debug\vc141.idb
d:\git\teamnut\cotengine\build\intermediates\x64_debug\cotdx9device.obj
d:\git\teamnut\cotengine\build\intermediates\x64_debug\cotasset.obj
d:\git\teamnut\cotengine\build\intermediates\x64_debug\cotassetmanager.obj
d:\git\teamnut\cotengine\build\intermediates\x64_debug\cotaudioclip.obj
d:\git\teamnut\cotengine\build\intermediates\x64_debug\cotaudiolistener.obj
d:\git\teamnut\cotengine\build\intermediates\x64_debug\cotaudiosource.obj
d:\git\teamnut\cotengine\build\intermediates\x64_debug\cotboxcollider.obj
d:\git\teamnut\cotengine\build\intermediates\x64_debug\cotcirclecollider.obj
d:\git\teamnut\cotengine\build\intermediates\x64_debug\cotcolor.obj
d:\git\teamnut\cotengine\build\intermediates\x64_debug\cotcolor32.obj
d:\git\teamnut\cotengine\build\intermediates\x64_debug\cotdx9debugrenderer.obj
d:\git\teamnut\cotengine\build\intermediates\x64_debug\cotentity.obj
d:\git\teamnut\cotengine\build\intermediates\x64_debug\cotgl2dx.obj
d:\git\teamnut\cotengine\build\intermediates\x64_debug\cotgeometry.obj
d:\git\teamnut\cotengine\build\intermediates\x64_debug\coticollider.obj
d:\git\teamnut\cotengine\build\intermediates\x64_debug\coticomponent.obj
d:\git\teamnut\cotengine\build\intermediates\x64_debug\cotinputmanager.obj
d:\git\teamnut\cotengine\build\intermediates\x64_debug\cotkeycode.obj
d:\git\teamnut\cotengine\build\intermediates\x64_debug\cotkeylistener.obj
d:\git\teamnut\cotengine\build\intermediates\x64_debug\cotmat4.obj
d:\git\teamnut\cotengine\build\intermediates\x64_debug\cotmathfunc.obj
d:\git\teamnut\cotengine\build\intermediates\x64_debug\cotapplication.obj
d:\git\teamnut\cotengine\build\intermediates\x64_debug\cottexture.obj
d:\git\teamnut\cotengine\build\intermediates\x64_debug\cotinput.obj
d:\git\teamnut\cotengine\build\intermediates\x64_debug\cotinputdevice.obj
d:\git\teamnut\cotengine\build\intermediates\x64_debug\cotdx9renderer2d.obj
d:\git\teamnut\cotengine\build\intermediates\x64_debug\cotphysicsmanager.obj
d:\git\teamnut\cotengine\build\intermediates\x64_debug\cotrendermanager.obj
d:\git\teamnut\cotengine\build\intermediates\x64_debug\cotscene.obj
d:\git\teamnut\cotengine\build\intermediates\x64_debug\cotscenemanager.obj
d:\git\teamnut\cotengine\build\intermediates\x64_debug\cotspriterenderer.obj
d:\git\teamnut\cotengine\build\intermediates\x64_debug\cottextureatlas.obj
d:\git\teamnut\cotengine\build\intermediates\x64_debug\cotoggdecoder.obj
d:\git\teamnut\cotengine\build\intermediates\x64_debug\cotphysics.obj
d:\git\teamnut\cotengine\build\intermediates\x64_debug\cotquaternion.obj
d:\git\teamnut\cotengine\build\intermediates\x64_debug\cotbroadcastprotocol.obj
d:\git\teamnut\cotengine\build\intermediates\x64_debug\cottime.obj
d:\git\teamnut\cotengine\build\intermediates\x64_debug\cotvec2.obj
d:\git\teamnut\cotengine\build\intermediates\x64_debug\cotvec3.obj
d:\git\teamnut\cotengine\build\intermediates\x64_debug\cotvec4.obj
d:\git\teamnut\cotengine\build\intermediates\x64_debug\cotwavdecoder.obj
d:\git\teamnut\cotengine\build\intermediates\x64_debug\cotanimation.obj
d:\git\teamnut\cotengine\build\products\x64_debug\engine.lib
d:\git\teamnut\cotengine\build\products\x64_debug\engine.exp
d:\git\teamnut\cotengine\build\products\x64_debug\engine.dll
d:\git\teamnut\cotengine\build\products\x64_debug\engine.ilk
d:\git\teamnut\cotengine\build\products\x64_debug\engine.pdb
d:\git\teamnut\cotengine\build\intermediates\x64_debug\cotmouselistener.obj
d:\git\teamnut\cotengine\build\intermediates\x64_debug\demoscene.obj
d:\git\teamnut\cotengine\build\intermediates\x64_debug\main.obj
d:\git\teamnut\cotengine\build\intermediates\x64_debug\testcomponent.obj
d:\git\teamnut\cotengine\build\intermediates\x64_debug\tinyxml2.obj
d:\git\teamnut\cotengine\\build\products\x64_debug\engine.pdb
d:\git\teamnut\cotengine\\build\products\x64_debug\engine.dll
d:\git\teamnut\cotengine\\build\products\x64_debug\engine.ilk
d:\git\teamnut\cotengine\build\intermediates\x64_debug\engine.tlog\cl.command.1.tlog
d:\git\teamnut\cotengine\build\intermediates\x64_debug\engine.tlog\cl.read.1.tlog
d:\git\teamnut\cotengine\build\intermediates\x64_debug\engine.tlog\cl.write.1.tlog
d:\git\teamnut\cotengine\build\intermediates\x64_debug\engine.tlog\engine.write.1u.tlog
d:\git\teamnut\cotengine\build\intermediates\x64_debug\engine.tlog\link.1020.delete.1.tlog
d:\git\teamnut\cotengine\build\intermediates\x64_debug\engine.tlog\link.14176.delete.1.tlog
d:\git\teamnut\cotengine\build\intermediates\x64_debug\engine.tlog\link.1436.delete.1.tlog
d:\git\teamnut\cotengine\build\intermediates\x64_debug\engine.tlog\link.15820.delete.1.tlog
d:\git\teamnut\cotengine\build\intermediates\x64_debug\engine.tlog\link.17128.delete.1.tlog
d:\git\teamnut\cotengine\build\intermediates\x64_debug\engine.tlog\link.17636.delete.1.tlog
d:\git\teamnut\cotengine\build\intermediates\x64_debug\engine.tlog\link.1764.delete.1.tlog
d:\git\teamnut\cotengine\build\intermediates\x64_debug\engine.tlog\link.18536.delete.1.tlog
d:\git\teamnut\cotengine\build\intermediates\x64_debug\engine.tlog\link.2060.delete.1.tlog
d:\git\teamnut\cotengine\build\intermediates\x64_debug\engine.tlog\link.244.delete.1.tlog
d:\git\teamnut\cotengine\build\intermediates\x64_debug\engine.tlog\link.2472.delete.1.tlog
d:\git\teamnut\cotengine\build\intermediates\x64_debug\engine.tlog\link.2536.delete.1.tlog
d:\git\teamnut\cotengine\build\intermediates\x64_debug\engine.tlog\link.2884.delete.1.tlog
d:\git\teamnut\cotengine\build\intermediates\x64_debug\engine.tlog\link.2924.delete.1.tlog
d:\git\teamnut\cotengine\build\intermediates\x64_debug\engine.tlog\link.4100.delete.1.tlog
d:\git\teamnut\cotengine\build\intermediates\x64_debug\engine.tlog\link.5004.delete.1.tlog
d:\git\teamnut\cotengine\build\intermediates\x64_debug\engine.tlog\link.5288.delete.1.tlog
d:\git\teamnut\cotengine\build\intermediates\x64_debug\engine.tlog\link.5568.delete.1.tlog
d:\git\teamnut\cotengine\build\intermediates\x64_debug\engine.tlog\link.5708.delete.1.tlog
d:\git\teamnut\cotengine\build\intermediates\x64_debug\engine.tlog\link.6576.delete.1.tlog
d:\git\teamnut\cotengine\build\intermediates\x64_debug\engine.tlog\link.6640.delete.1.tlog
d:\git\teamnut\cotengine\build\intermediates\x64_debug\engine.tlog\link.6836.delete.1.tlog
d:\git\teamnut\cotengine\build\intermediates\x64_debug\engine.tlog\link.command.1.tlog
d:\git\teamnut\cotengine\build\intermediates\x64_debug\engine.tlog\link.delete.1.tlog
d:\git\teamnut\cotengine\build\intermediates\x64_debug\engine.tlog\link.read.1.tlog
d:\git\teamnut\cotengine\build\intermediates\x64_debug\engine.tlog\link.write.1.tlog
