C:\Program Files (x86)\Microsoft Visual Studio\2017\Enterprise\Common7\IDE\VC\VCTargets\Microsoft.CppBuild.targets(387,5): warning MSB8028: 중간 디렉터리(D:\Git\TeamNut\CotEngine\\Build\Intermediates\x64_Debug\)에 다른 프로젝트(Demo.vcxproj)에서 공유하는 파일이 포함되어 있습니다.  이로 인해 잘못된 정리 및 다시 빌드 동작이 수행될 수 있습니다.
  CotDx9Device.cpp
d:\git\teamnut\cotengine\engine\include\render\cotigraphics.h(16): warning C4251: 'Cot::IGraphics::_renderers': class 'std::vector<Cot::IRenderer *,std::allocator<_Ty>>'에서는 class 'Cot::IGraphics'의 클라이언트에서 DLL 인터페이스를 사용하도록 지정해야 합니다.
          with
          [
              _Ty=Cot::IRenderer *
          ]
  d:\git\teamnut\cotengine\engine\include\render\cotigraphics.h(16): note: 'std::vector<Cot::IRenderer *,std::allocator<_Ty>>' 선언을 참조하십시오.
          with
          [
              _Ty=Cot::IRenderer *
          ]
d:\git\teamnut\cotengine\engine\include\asset\cotasset.h(10): warning C4251: 'Cot::Asset::_key': class 'std::basic_string<char,std::char_traits<char>,std::allocator<char>>'에서는 class 'Cot::Asset'의 클라이언트에서 DLL 인터페이스를 사용하도록 지정해야 합니다.
  c:\program files (x86)\microsoft visual studio\2017\enterprise\vc\tools\msvc\14.11.25503\include\xstring(4079): note: 'std::basic_string<char,std::char_traits<char>,std::allocator<char>>' 선언을 참조하십시오.
d:\git\teamnut\cotengine\engine\include\asset\cotasset.h(11): warning C4251: 'Cot::Asset::_filePath': class 'std::basic_string<char,std::char_traits<char>,std::allocator<char>>'에서는 class 'Cot::Asset'의 클라이언트에서 DLL 인터페이스를 사용하도록 지정해야 합니다.
  c:\program files (x86)\microsoft visual studio\2017\enterprise\vc\tools\msvc\14.11.25503\include\xstring(4079): note: 'std::basic_string<char,std::char_traits<char>,std::allocator<char>>' 선언을 참조하십시오.
d:\git\teamnut\cotengine\engine\include\asset\cotassetmanager.h(13): warning C4251: 'Cot::AssetManager::_assets': class 'std::unordered_map<string,Cot::Asset *,std::hash<_Kty>,std::equal_to<_Kty>,std::allocator<std::pair<const _Kty,_Ty>>>'에서는 class 'Cot::AssetManager'의 클라이언트에서 DLL 인터페이스를 사용하도록 지정해야 합니다.
          with
          [
              _Kty=string,
              _Ty=Cot::Asset *
          ]
  d:\git\teamnut\cotengine\engine\include\asset\cotassetmanager.h(13): note: 'std::unordered_map<string,Cot::Asset *,std::hash<_Kty>,std::equal_to<_Kty>,std::allocator<std::pair<const _Kty,_Ty>>>' 선언을 참조하십시오.
          with
          [
              _Kty=string,
              _Ty=Cot::Asset *
          ]
d:\git\teamnut\cotengine\engine\include\asset\cotassetmanager.h(14): warning C4251: 'Cot::AssetManager::_fontCache': class 'std::unordered_map<string,wstring,std::hash<_Kty>,std::equal_to<_Kty>,std::allocator<std::pair<const _Kty,_Ty>>>'에서는 class 'Cot::AssetManager'의 클라이언트에서 DLL 인터페이스를 사용하도록 지정해야 합니다.
          with
          [
              _Kty=string,
              _Ty=wstring
          ]
  d:\git\teamnut\cotengine\engine\include\asset\cotassetmanager.h(14): note: 'std::unordered_map<string,wstring,std::hash<_Kty>,std::equal_to<_Kty>,std::allocator<std::pair<const _Kty,_Ty>>>' 선언을 참조하십시오.
          with
          [
              _Kty=string,
              _Ty=wstring
          ]
  Engine.vcxproj -> D:\Git\TeamNut\CotEngine\\Build\Products\x64_Debug\Engine.dll
