C:\Program Files (x86)\Microsoft Visual Studio\2017\Enterprise\Common7\IDE\VC\VCTargets\Microsoft.CppBuild.targets(387,5): warning MSB8028: 중간 디렉터리(D:\Git\CotEngine\\Build\Intermediates\Win32_Debug\)에 다른 프로젝트(Engine.vcxproj)에서 공유하는 파일이 포함되어 있습니다.  이로 인해 잘못된 정리 및 다시 빌드 동작이 수행될 수 있습니다.
  main.cpp
d:\git\cotengine\engine\include\base\cottime.h(11): warning C4251: 'Cot::Time::_currentTime': class 'std::chrono::time_point<std::chrono::steady_clock,std::chrono::steady_clock::duration>'에서는 class 'Cot::Time'의 클라이언트에서 DLL 인터페이스를 사용하도록 지정해야 합니다.
  c:\program files (x86)\microsoft visual studio\2017\enterprise\vc\tools\msvc\14.11.25503\include\chrono(820): note: 'std::chrono::time_point<std::chrono::steady_clock,std::chrono::steady_clock::duration>' 선언을 참조하십시오.
d:\git\cotengine\engine\include\base\cottime.h(12): warning C4251: 'Cot::Time::_lastTime': class 'std::chrono::time_point<std::chrono::steady_clock,std::chrono::steady_clock::duration>'에서는 class 'Cot::Time'의 클라이언트에서 DLL 인터페이스를 사용하도록 지정해야 합니다.
  c:\program files (x86)\microsoft visual studio\2017\enterprise\vc\tools\msvc\14.11.25503\include\chrono(820): note: 'std::chrono::time_point<std::chrono::steady_clock,std::chrono::steady_clock::duration>' 선언을 참조하십시오.
d:\git\cotengine\engine\include\base\cotscene.h(11): warning C4251: 'Cot::Scene::_entitys': class 'std::vector<Cot::Entity *,std::allocator<_Ty>>'에서는 class 'Cot::Scene'의 클라이언트에서 DLL 인터페이스를 사용하도록 지정해야 합니다.
          with
          [
              _Ty=Cot::Entity *
          ]
  d:\git\cotengine\engine\include\base\cotscene.h(11): note: 'std::vector<Cot::Entity *,std::allocator<_Ty>>' 선언을 참조하십시오.
          with
          [
              _Ty=Cot::Entity *
          ]
d:\git\cotengine\engine\include\render\cotigraphics.h(13): warning C4251: 'Cot::IGraphics::_renderers': class 'std::vector<Cot::IRenderer *,std::allocator<_Ty>>'에서는 class 'Cot::IGraphics'의 클라이언트에서 DLL 인터페이스를 사용하도록 지정해야 합니다.
          with
          [
              _Ty=Cot::IRenderer *
          ]
  d:\git\cotengine\engine\include\render\cotigraphics.h(13): note: 'std::vector<Cot::IRenderer *,std::allocator<_Ty>>' 선언을 참조하십시오.
          with
          [
              _Ty=Cot::IRenderer *
          ]
d:\git\cotengine\engine\include\base\cotapplication.h(15): warning C4251: 'Cot::Application::_title': class 'std::basic_string<wchar_t,std::char_traits<wchar_t>,std::allocator<wchar_t>>'에서는 class 'Cot::Application'의 클라이언트에서 DLL 인터페이스를 사용하도록 지정해야 합니다.
  c:\program files (x86)\microsoft visual studio\2017\enterprise\vc\tools\msvc\14.11.25503\include\xstring(4080): note: 'std::basic_string<wchar_t,std::char_traits<wchar_t>,std::allocator<wchar_t>>' 선언을 참조하십시오.
d:\git\cotengine\engine\include\base\cotbroadcastprotocol.h(18): warning C4251: 'Cot::BroadCastProtocol::CallBack::_functions': class 'std::vector<Cot::BroadCastProtocol::Function,std::allocator<_Ty>>'에서는 class 'Cot::BroadCastProtocol::CallBack'의 클라이언트에서 DLL 인터페이스를 사용하도록 지정해야 합니다.
          with
          [
              _Ty=Cot::BroadCastProtocol::Function
          ]
  d:\git\cotengine\engine\include\base\cotbroadcastprotocol.h(18): note: 'std::vector<Cot::BroadCastProtocol::Function,std::allocator<_Ty>>' 선언을 참조하십시오.
          with
          [
              _Ty=Cot::BroadCastProtocol::Function
          ]
d:\git\cotengine\engine\include\base\cotbroadcastprotocol.h(28): warning C4251: 'Cot::BroadCastProtocol::_functions': class 'std::unordered_map<string,Cot::BroadCastProtocol::CallBack *,std::hash<_Kty>,std::equal_to<_Kty>,std::allocator<std::pair<const _Kty,_Ty>>>'에서는 class 'Cot::BroadCastProtocol'의 클라이언트에서 DLL 인터페이스를 사용하도록 지정해야 합니다.
          with
          [
              _Kty=string,
              _Ty=Cot::BroadCastProtocol::CallBack *
          ]
  d:\git\cotengine\engine\include\base\cotbroadcastprotocol.h(28): note: 'std::unordered_map<string,Cot::BroadCastProtocol::CallBack *,std::hash<_Kty>,std::equal_to<_Kty>,std::allocator<std::pair<const _Kty,_Ty>>>' 선언을 참조하십시오.
          with
          [
              _Kty=string,
              _Ty=Cot::BroadCastProtocol::CallBack *
          ]
d:\git\cotengine\engine\include\base\cotvectormap.hpp(13): warning C4251: 'Cot::VectorMap<Key,Value>::_map': class 'std::vector<std::pair<_Ty1,_Ty2>,std::allocator<_Ty>>'에서는 class 'Cot::VectorMap<Key,Value>'의 클라이언트에서 DLL 인터페이스를 사용하도록 지정해야 합니다.
          with
          [
              _Ty=std::pair<_Ty1,_Ty2>
          ]
  d:\git\cotengine\engine\include\base\cotvectormap.hpp(13): note: 'std::vector<std::pair<_Ty1,_Ty2>,std::allocator<_Ty>>' 선언을 참조하십시오.
          with
          [
              _Ty=std::pair<_Ty1,_Ty2>
          ]
  d:\git\cotengine\engine\include\base\cotvectormap.hpp(119): note: 컴파일 중인 클래스 템플릿 인스턴스화 'Cot::VectorMap<Key,Value>'에 대한 참조를 확인하세요.
d:\git\cotengine\engine\include\base\cotvectormap.hpp(126): warning C4251: 'Cot::MultiVectorMap<Key,Value>::_map': class 'std::vector<std::pair<_Ty1,_Ty2>,std::allocator<_Ty>>'에서는 class 'Cot::MultiVectorMap<Key,Value>'의 클라이언트에서 DLL 인터페이스를 사용하도록 지정해야 합니다.
          with
          [
              _Ty=std::pair<_Ty1,_Ty2>
          ]
  d:\git\cotengine\engine\include\base\cotvectormap.hpp(13): note: 'std::vector<std::pair<_Ty1,_Ty2>,std::allocator<_Ty>>' 선언을 참조하십시오.
          with
          [
              _Ty=std::pair<_Ty1,_Ty2>
          ]
  d:\git\cotengine\engine\include\base\cotvectormap.hpp(254): note: 컴파일 중인 클래스 템플릿 인스턴스화 'Cot::MultiVectorMap<Key,Value>'에 대한 참조를 확인하세요.
d:\git\cotengine\engine\include\base\cotentity.h(14): warning C4251: 'Cot::Entity::_name': class 'std::basic_string<char,std::char_traits<char>,std::allocator<char>>'에서는 class 'Cot::Entity'의 클라이언트에서 DLL 인터페이스를 사용하도록 지정해야 합니다.
  c:\program files (x86)\microsoft visual studio\2017\enterprise\vc\tools\msvc\14.11.25503\include\xstring(4079): note: 'std::basic_string<char,std::char_traits<char>,std::allocator<char>>' 선언을 참조하십시오.
d:\git\cotengine\engine\include\base\cotentity.h(25): warning C4251: 'Cot::Entity::_children': class 'std::vector<Cot::Entity *,std::allocator<_Ty>>'에서는 class 'Cot::Entity'의 클라이언트에서 DLL 인터페이스를 사용하도록 지정해야 합니다.
          with
          [
              _Ty=Cot::Entity *
          ]
  d:\git\cotengine\engine\include\base\cotscene.h(11): note: 'std::vector<Cot::Entity *,std::allocator<_Ty>>' 선언을 참조하십시오.
          with
          [
              _Ty=Cot::Entity *
          ]
d:\git\cotengine\engine\include\base\cotvectormap.hpp(126): warning C4251: 'Cot::MultiVectorMap<string,Cot::IComponent *>::_map': class 'std::vector<std::pair<Key,Value>,std::allocator<_Ty>>'에서는 class 'Cot::MultiVectorMap<string,Cot::IComponent *>'의 클라이언트에서 DLL 인터페이스를 사용하도록 지정해야 합니다.
          with
          [
              Key=string,
              Value=Cot::IComponent *,
              _Ty=std::pair<string,Cot::IComponent *>
          ]
  d:\git\cotengine\engine\include\base\cotvectormap.hpp(126): note: 'std::vector<std::pair<Key,Value>,std::allocator<_Ty>>' 선언을 참조하십시오.
          with
          [
              Key=string,
              Value=Cot::IComponent *,
              _Ty=std::pair<string,Cot::IComponent *>
          ]
  d:\git\cotengine\engine\include\base\cotentity.h(27): note: 컴파일 중인 클래스 템플릿 인스턴스화 'Cot::MultiVectorMap<string,Cot::IComponent *>'에 대한 참조를 확인하세요.
d:\git\cotengine\engine\include\component\coticomponent.h(11): warning C4251: 'Cot::IComponent::_type': class 'std::basic_string<char,std::char_traits<char>,std::allocator<char>>'에서는 class 'Cot::IComponent'의 클라이언트에서 DLL 인터페이스를 사용하도록 지정해야 합니다.
  c:\program files (x86)\microsoft visual studio\2017\enterprise\vc\tools\msvc\14.11.25503\include\xstring(4079): note: 'std::basic_string<char,std::char_traits<char>,std::allocator<char>>' 선언을 참조하십시오.
d:\git\cotengine\engine\include\asset\cotasset.h(10): warning C4251: 'Cot::Asset::_key': class 'std::basic_string<char,std::char_traits<char>,std::allocator<char>>'에서는 class 'Cot::Asset'의 클라이언트에서 DLL 인터페이스를 사용하도록 지정해야 합니다.
  c:\program files (x86)\microsoft visual studio\2017\enterprise\vc\tools\msvc\14.11.25503\include\xstring(4079): note: 'std::basic_string<char,std::char_traits<char>,std::allocator<char>>' 선언을 참조하십시오.
d:\git\cotengine\engine\include\asset\cotasset.h(11): warning C4251: 'Cot::Asset::_wkey': class 'std::basic_string<wchar_t,std::char_traits<wchar_t>,std::allocator<wchar_t>>'에서는 class 'Cot::Asset'의 클라이언트에서 DLL 인터페이스를 사용하도록 지정해야 합니다.
  c:\program files (x86)\microsoft visual studio\2017\enterprise\vc\tools\msvc\14.11.25503\include\xstring(4080): note: 'std::basic_string<wchar_t,std::char_traits<wchar_t>,std::allocator<wchar_t>>' 선언을 참조하십시오.
d:\git\cotengine\engine\include\asset\cottexture.h(13): warning C4251: 'Cot::Texture::_filename': class 'std::basic_string<char,std::char_traits<char>,std::allocator<char>>'에서는 class 'Cot::Texture'의 클라이언트에서 DLL 인터페이스를 사용하도록 지정해야 합니다.
  c:\program files (x86)\microsoft visual studio\2017\enterprise\vc\tools\msvc\14.11.25503\include\xstring(4079): note: 'std::basic_string<char,std::char_traits<char>,std::allocator<char>>' 선언을 참조하십시오.
  Demo.vcxproj -> D:\Git\CotEngine\\Build\Products\Win32_Debug\Demo.exe
  Demo.vcxproj -> D:\Git\CotEngine\\Build\Products\Win32_Debug\Demo.pdb (Partial PDB)
